[0.008s] Invoking command in '/home/kyle/workspaces/my_bot/build/my_bot': CMAKE_PREFIX_PATH=/opt/ros/humble /usr/bin/cmake /home/kyle/workspaces/my_bot -DAMENT_CMAKE_SYMLINK_INSTALL=1 -DCMAKE_INSTALL_PREFIX=/home/kyle/workspaces/my_bot/install/my_bot
[0.738s] -- The C compiler identification is GNU 11.4.0
[1.025s] -- The CXX compiler identification is GNU 11.4.0
[1.052s] -- Detecting C compiler ABI info
[1.188s] -- Detecting C compiler ABI info - done
[1.194s] -- Check for working C compiler: /usr/bin/cc - skipped
[1.195s] -- Detecting C compile features
[1.214s] -- Detecting C compile features - done
[1.221s] -- Detecting CXX compiler ABI info
[1.318s] -- Detecting CXX compiler ABI info - done
[1.325s] -- Check for working CXX compiler: /usr/bin/c++ - skipped
[1.325s] -- Detecting CXX compile features
[1.325s] -- Detecting CXX compile features - done
[1.368s] -- Found ament_cmake: 1.3.10 (/opt/ros/humble/share/ament_cmake/cmake)
[1.548s] -- Found Python3: /usr/bin/python3 (found version "3.10.12") found components: Interpreter 
[1.621s] -- Override CMake install command with custom implementation using symlinks instead of copying resources
[1.748s] -- Found ament_lint_auto: 0.12.11 (/opt/ros/humble/share/ament_lint_auto/cmake)
[1.905s] -- Added test 'copyright' to check source files copyright and LICENSE
[1.913s] -- Added test 'cppcheck' to perform static code analysis on C / C++ code
[1.913s] -- Configured cppcheck include dirs: 
[1.913s] -- Configured cppcheck exclude dirs and/or files: 
[1.921s] -- Added test 'cpplint' to check C / C++ code against the Google style
[1.921s] -- Configured cpplint exclude dirs and/or files: 
[1.923s] -- Added test 'flake8' to check Python code syntax and style conventions
[1.925s] -- Added test 'lint_cmake' to check CMake code style
[1.927s] -- Added test 'pep257' to check Python code against some of the docstring style conventions in PEP 257
[1.935s] -- Added test 'uncrustify' to check C / C++ code style
[1.935s] -- Configured uncrustify additional arguments: 
[1.937s] -- Added test 'xmllint' to check XML markup files
[1.938s] -- Configuring done
[1.941s] -- Generating done
[1.942s] -- Build files have been written to: /home/kyle/workspaces/my_bot/build/my_bot
[1.946s] Invoked command in '/home/kyle/workspaces/my_bot/build/my_bot' returned '0': CMAKE_PREFIX_PATH=/opt/ros/humble /usr/bin/cmake /home/kyle/workspaces/my_bot -DAMENT_CMAKE_SYMLINK_INSTALL=1 -DCMAKE_INSTALL_PREFIX=/home/kyle/workspaces/my_bot/install/my_bot
[1.947s] Invoking command in '/home/kyle/workspaces/my_bot/build/my_bot': CMAKE_PREFIX_PATH=/opt/ros/humble /usr/bin/cmake --build /home/kyle/workspaces/my_bot/build/my_bot -- -j12 -l12
[1.984s] Invoked command in '/home/kyle/workspaces/my_bot/build/my_bot' returned '0': CMAKE_PREFIX_PATH=/opt/ros/humble /usr/bin/cmake --build /home/kyle/workspaces/my_bot/build/my_bot -- -j12 -l12
[2.013s] Invoking command in '/home/kyle/workspaces/my_bot/build/my_bot': CMAKE_PREFIX_PATH=/opt/ros/humble /usr/bin/cmake --install /home/kyle/workspaces/my_bot/build/my_bot
[2.020s] -- Install configuration: ""
[2.020s] -- Execute custom install script
[2.020s] -- Symlinking: /home/kyle/workspaces/my_bot/install/my_bot/share/my_bot/config/empty.yaml
[2.029s] -- Symlinking: /home/kyle/workspaces/my_bot/install/my_bot/share/my_bot/description/robot.urdf.xacro
[2.037s] -- Symlinking: /home/kyle/workspaces/my_bot/install/my_bot/share/my_bot/launch/rsp.launch.py
[2.046s] -- Symlinking: /home/kyle/workspaces/my_bot/install/my_bot/share/my_bot/worlds/empty.world
[2.054s] -- Symlinking: /home/kyle/workspaces/my_bot/install/my_bot/share/ament_index/resource_index/package_run_dependencies/my_bot
[2.062s] -- Symlinking: /home/kyle/workspaces/my_bot/install/my_bot/share/ament_index/resource_index/parent_prefix_path/my_bot
[2.070s] -- Symlinking: /home/kyle/workspaces/my_bot/install/my_bot/share/my_bot/environment/ament_prefix_path.sh
[2.079s] -- Symlinking: /home/kyle/workspaces/my_bot/install/my_bot/share/my_bot/environment/ament_prefix_path.dsv
[2.088s] -- Symlinking: /home/kyle/workspaces/my_bot/install/my_bot/share/my_bot/environment/path.sh
[2.095s] -- Symlinking: /home/kyle/workspaces/my_bot/install/my_bot/share/my_bot/environment/path.dsv
[2.104s] -- Symlinking: /home/kyle/workspaces/my_bot/install/my_bot/share/my_bot/local_setup.bash
[2.112s] -- Symlinking: /home/kyle/workspaces/my_bot/install/my_bot/share/my_bot/local_setup.sh
[2.120s] -- Symlinking: /home/kyle/workspaces/my_bot/install/my_bot/share/my_bot/local_setup.zsh
[2.128s] -- Symlinking: /home/kyle/workspaces/my_bot/install/my_bot/share/my_bot/local_setup.dsv
[2.136s] -- Symlinking: /home/kyle/workspaces/my_bot/install/my_bot/share/my_bot/package.dsv
[2.145s] -- Symlinking: /home/kyle/workspaces/my_bot/install/my_bot/share/ament_index/resource_index/packages/my_bot
[2.153s] -- Symlinking: /home/kyle/workspaces/my_bot/install/my_bot/share/my_bot/cmake/my_botConfig.cmake
[2.161s] -- Symlinking: /home/kyle/workspaces/my_bot/install/my_bot/share/my_bot/cmake/my_botConfig-version.cmake
[2.169s] -- Symlinking: /home/kyle/workspaces/my_bot/install/my_bot/share/my_bot/package.xml
[2.180s] Invoked command in '/home/kyle/workspaces/my_bot/build/my_bot' returned '0': CMAKE_PREFIX_PATH=/opt/ros/humble /usr/bin/cmake --install /home/kyle/workspaces/my_bot/build/my_bot
