[0.142s] DEBUG:colcon:Command line arguments: ['/usr/bin/colcon', 'build', '--symlink-install']
[0.143s] DEBUG:colcon:Parsed command line arguments: Namespace(log_base=None, log_level=None, verb_name='build', build_base='build', install_base='install', merge_install=False, symlink_install=True, test_result_base=None, continue_on_error=False, executor='parallel', parallel_workers=12, event_handlers=None, ignore_user_meta=False, metas=['./colcon.meta'], base_paths=['.'], packages_ignore=None, packages_ignore_regex=None, paths=None, packages_up_to=None, packages_up_to_regex=None, packages_above=None, packages_above_and_dependencies=None, packages_above_depth=None, packages_select_by_dep=None, packages_skip_by_dep=None, packages_skip_up_to=None, packages_select_build_failed=False, packages_skip_build_finished=False, packages_select_test_failures=False, packages_skip_test_passed=False, packages_select=None, packages_skip=None, packages_select_regex=None, packages_skip_regex=None, packages_start=None, packages_end=None, allow_overriding=[], cmake_args=None, cmake_target=None, cmake_target_skip_unavailable=False, cmake_clean_cache=False, cmake_clean_first=False, cmake_force_configure=False, ament_cmake_args=None, catkin_cmake_args=None, catkin_skip_building_tests=False, verb_parser=<colcon_defaults.argument_parser.defaults.DefaultArgumentsDecorator object at 0x70aa66741b40>, verb_extension=<colcon_core.verb.build.BuildVerb object at 0x70aa66740d00>, main=<bound method BuildVerb.main of <colcon_core.verb.build.BuildVerb object at 0x70aa66740d00>>)
[3.339s] Level 1:colcon.colcon_core.package_discovery:discover_packages(colcon_meta) check parameters
[3.339s] Level 1:colcon.colcon_core.package_discovery:discover_packages(recursive) check parameters
[3.339s] Level 1:colcon.colcon_core.package_discovery:discover_packages(ignore) check parameters
[3.339s] Level 1:colcon.colcon_core.package_discovery:discover_packages(path) check parameters
[3.339s] Level 1:colcon.colcon_core.package_discovery:discover_packages(colcon_meta) discover
[3.339s] Level 1:colcon.colcon_core.package_discovery:discover_packages(recursive) discover
[3.339s] INFO:colcon.colcon_core.package_discovery:Crawling recursively for packages in '/home/kyle/workspaces/my_bot'
[3.339s] Level 1:colcon.colcon_core.package_identification:_identify(.) by extensions ['ignore', 'ignore_ament_install']
[3.339s] Level 1:colcon.colcon_core.package_identification:_identify(.) by extension 'ignore'
[3.339s] Level 1:colcon.colcon_core.package_identification:_identify(.) by extension 'ignore_ament_install'
[3.339s] Level 1:colcon.colcon_core.package_identification:_identify(.) by extensions ['colcon_pkg']
[3.339s] Level 1:colcon.colcon_core.package_identification:_identify(.) by extension 'colcon_pkg'
[3.339s] Level 1:colcon.colcon_core.package_identification:_identify(.) by extensions ['colcon_meta']
[3.339s] Level 1:colcon.colcon_core.package_identification:_identify(.) by extension 'colcon_meta'
[3.339s] Level 1:colcon.colcon_core.package_identification:_identify(.) by extensions ['ros']
[3.339s] Level 1:colcon.colcon_core.package_identification:_identify(.) by extension 'ros'
[3.367s] DEBUG:colcon.colcon_core.package_identification:Package '.' with type 'ros.ament_cmake' and name 'my_bot'
[3.367s] Level 1:colcon.colcon_core.package_discovery:discover_packages(recursive) using defaults
[3.367s] Level 1:colcon.colcon_core.package_discovery:discover_packages(ignore) discover
[3.367s] Level 1:colcon.colcon_core.package_discovery:discover_packages(ignore) using defaults
[3.367s] Level 1:colcon.colcon_core.package_discovery:discover_packages(path) discover
[3.367s] Level 1:colcon.colcon_core.package_discovery:discover_packages(path) using defaults
[3.491s] Level 1:colcon.colcon_core.package_discovery:discover_packages(prefix_path) check parameters
[3.491s] Level 1:colcon.colcon_core.package_discovery:discover_packages(prefix_path) discover
[3.493s] DEBUG:colcon.colcon_installed_package_information.package_discovery:Found 1 installed packages in /home/kyle/workspaces/my_bot/install
[3.495s] DEBUG:colcon.colcon_installed_package_information.package_discovery:Found 421 installed packages in /opt/ros/humble
[3.503s] Level 1:colcon.colcon_core.package_discovery:discover_packages(prefix_path) using defaults
[3.565s] Level 5:colcon.colcon_core.verb:set package 'my_bot' build argument 'cmake_args' from command line to 'None'
[3.565s] Level 5:colcon.colcon_core.verb:set package 'my_bot' build argument 'cmake_target' from command line to 'None'
[3.565s] Level 5:colcon.colcon_core.verb:set package 'my_bot' build argument 'cmake_target_skip_unavailable' from command line to 'False'
[3.565s] Level 5:colcon.colcon_core.verb:set package 'my_bot' build argument 'cmake_clean_cache' from command line to 'False'
[3.565s] Level 5:colcon.colcon_core.verb:set package 'my_bot' build argument 'cmake_clean_first' from command line to 'False'
[3.565s] Level 5:colcon.colcon_core.verb:set package 'my_bot' build argument 'cmake_force_configure' from command line to 'False'
[3.565s] Level 5:colcon.colcon_core.verb:set package 'my_bot' build argument 'ament_cmake_args' from command line to 'None'
[3.565s] Level 5:colcon.colcon_core.verb:set package 'my_bot' build argument 'catkin_cmake_args' from command line to 'None'
[3.565s] Level 5:colcon.colcon_core.verb:set package 'my_bot' build argument 'catkin_skip_building_tests' from command line to 'False'
[3.565s] DEBUG:colcon.colcon_core.verb:Building package 'my_bot' with the following arguments: {'ament_cmake_args': None, 'build_base': '/home/kyle/workspaces/my_bot/build/my_bot', 'catkin_cmake_args': None, 'catkin_skip_building_tests': False, 'cmake_args': None, 'cmake_clean_cache': False, 'cmake_clean_first': False, 'cmake_force_configure': False, 'cmake_target': None, 'cmake_target_skip_unavailable': False, 'install_base': '/home/kyle/workspaces/my_bot/install/my_bot', 'merge_install': False, 'path': '/home/kyle/workspaces/my_bot', 'symlink_install': True, 'test_result_base': None}
[3.565s] INFO:colcon.colcon_core.executor:Executing jobs using 'parallel' executor
[3.566s] DEBUG:colcon.colcon_parallel_executor.executor.parallel:run_until_complete
[3.566s] INFO:colcon.colcon_ros.task.ament_cmake.build:Building ROS package in '/home/kyle/workspaces/my_bot' with build type 'ament_cmake'
[3.566s] INFO:colcon.colcon_cmake.task.cmake.build:Building CMake package in '/home/kyle/workspaces/my_bot'
[3.569s] INFO:colcon.colcon_core.plugin_system:Skipping extension 'colcon_core.shell.bat': Not used on non-Windows systems
[3.569s] INFO:colcon.colcon_core.shell:Skip shell extension 'powershell' for command environment: Not usable outside of PowerShell
[3.569s] DEBUG:colcon.colcon_core.shell:Skip shell extension 'dsv' for command environment
[3.604s] DEBUG:colcon.colcon_core.event_handler.log_command:Invoking command in '/home/kyle/workspaces/my_bot/build/my_bot': CMAKE_PREFIX_PATH=${CMAKE_PREFIX_PATH}:/opt/ros/humble /usr/bin/cmake --build /home/kyle/workspaces/my_bot/build/my_bot -- -j12 -l12
[3.746s] DEBUG:colcon.colcon_core.event_handler.log_command:Invoked command in '/home/kyle/workspaces/my_bot/build/my_bot' returned '0': CMAKE_PREFIX_PATH=${CMAKE_PREFIX_PATH}:/opt/ros/humble /usr/bin/cmake --build /home/kyle/workspaces/my_bot/build/my_bot -- -j12 -l12
[3.773s] DEBUG:colcon.colcon_core.event_handler.log_command:Invoking command in '/home/kyle/workspaces/my_bot/build/my_bot': CMAKE_PREFIX_PATH=${CMAKE_PREFIX_PATH}:/opt/ros/humble /usr/bin/cmake --install /home/kyle/workspaces/my_bot/build/my_bot
[3.818s] Level 1:colcon.colcon_core.environment:create_environment_scripts_only(my_bot)
[3.819s] DEBUG:colcon.colcon_core.event_handler.log_command:Invoked command in '/home/kyle/workspaces/my_bot/build/my_bot' returned '0': CMAKE_PREFIX_PATH=${CMAKE_PREFIX_PATH}:/opt/ros/humble /usr/bin/cmake --install /home/kyle/workspaces/my_bot/build/my_bot
[3.822s] Level 1:colcon.colcon_core.environment:checking '/home/kyle/workspaces/my_bot/install/my_bot' for CMake module files
[3.823s] Level 1:colcon.colcon_core.environment:checking '/home/kyle/workspaces/my_bot/install/my_bot' for CMake config files
[3.823s] Level 1:colcon.colcon_core.shell:create_environment_hook('my_bot', 'cmake_prefix_path')
[3.823s] INFO:colcon.colcon_core.shell:Creating environment hook '/home/kyle/workspaces/my_bot/install/my_bot/share/my_bot/hook/cmake_prefix_path.ps1'
[3.824s] INFO:colcon.colcon_core.shell:Creating environment descriptor '/home/kyle/workspaces/my_bot/install/my_bot/share/my_bot/hook/cmake_prefix_path.dsv'
[3.824s] INFO:colcon.colcon_core.shell:Creating environment hook '/home/kyle/workspaces/my_bot/install/my_bot/share/my_bot/hook/cmake_prefix_path.sh'
[3.825s] Level 1:colcon.colcon_core.environment:checking '/home/kyle/workspaces/my_bot/install/my_bot/bin'
[3.825s] Level 1:colcon.colcon_core.environment:checking '/home/kyle/workspaces/my_bot/install/my_bot/lib/pkgconfig/my_bot.pc'
[3.825s] Level 1:colcon.colcon_core.environment:checking '/home/kyle/workspaces/my_bot/install/my_bot/lib/python3.10/site-packages'
[3.825s] Level 1:colcon.colcon_core.environment:checking '/home/kyle/workspaces/my_bot/install/my_bot/bin'
[3.826s] INFO:colcon.colcon_core.shell:Creating package script '/home/kyle/workspaces/my_bot/install/my_bot/share/my_bot/package.ps1'
[3.826s] INFO:colcon.colcon_core.shell:Creating package descriptor '/home/kyle/workspaces/my_bot/install/my_bot/share/my_bot/package.dsv'
[3.827s] INFO:colcon.colcon_core.shell:Creating package script '/home/kyle/workspaces/my_bot/install/my_bot/share/my_bot/package.sh'
[3.827s] INFO:colcon.colcon_core.shell:Creating package script '/home/kyle/workspaces/my_bot/install/my_bot/share/my_bot/package.bash'
[3.828s] INFO:colcon.colcon_core.shell:Creating package script '/home/kyle/workspaces/my_bot/install/my_bot/share/my_bot/package.zsh'
[3.837s] Level 1:colcon.colcon_core.environment:create_file_with_runtime_dependencies(/home/kyle/workspaces/my_bot/install/my_bot/share/colcon-core/packages/my_bot)
[3.857s] Level 1:colcon.colcon_core.environment:create_environment_scripts_only(my_bot)
[3.857s] Level 1:colcon.colcon_core.environment:checking '/home/kyle/workspaces/my_bot/install/my_bot' for CMake module files
[3.858s] Level 1:colcon.colcon_core.environment:checking '/home/kyle/workspaces/my_bot/install/my_bot' for CMake config files
[3.858s] Level 1:colcon.colcon_core.shell:create_environment_hook('my_bot', 'cmake_prefix_path')
[3.858s] INFO:colcon.colcon_core.shell:Creating environment hook '/home/kyle/workspaces/my_bot/install/my_bot/share/my_bot/hook/cmake_prefix_path.ps1'
[3.858s] INFO:colcon.colcon_core.shell:Creating environment descriptor '/home/kyle/workspaces/my_bot/install/my_bot/share/my_bot/hook/cmake_prefix_path.dsv'
[3.859s] INFO:colcon.colcon_core.shell:Creating environment hook '/home/kyle/workspaces/my_bot/install/my_bot/share/my_bot/hook/cmake_prefix_path.sh'
[3.859s] Level 1:colcon.colcon_core.environment:checking '/home/kyle/workspaces/my_bot/install/my_bot/bin'
[3.859s] Level 1:colcon.colcon_core.environment:checking '/home/kyle/workspaces/my_bot/install/my_bot/lib/pkgconfig/my_bot.pc'
[3.859s] Level 1:colcon.colcon_core.environment:checking '/home/kyle/workspaces/my_bot/install/my_bot/lib/python3.10/site-packages'
[3.859s] Level 1:colcon.colcon_core.environment:checking '/home/kyle/workspaces/my_bot/install/my_bot/bin'
[3.860s] INFO:colcon.colcon_core.shell:Creating package script '/home/kyle/workspaces/my_bot/install/my_bot/share/my_bot/package.ps1'
[3.860s] INFO:colcon.colcon_core.shell:Creating package descriptor '/home/kyle/workspaces/my_bot/install/my_bot/share/my_bot/package.dsv'
[3.860s] INFO:colcon.colcon_core.shell:Creating package script '/home/kyle/workspaces/my_bot/install/my_bot/share/my_bot/package.sh'
[3.861s] INFO:colcon.colcon_core.shell:Creating package script '/home/kyle/workspaces/my_bot/install/my_bot/share/my_bot/package.bash'
[3.861s] INFO:colcon.colcon_core.shell:Creating package script '/home/kyle/workspaces/my_bot/install/my_bot/share/my_bot/package.zsh'
[3.861s] Level 1:colcon.colcon_core.environment:create_file_with_runtime_dependencies(/home/kyle/workspaces/my_bot/install/my_bot/share/colcon-core/packages/my_bot)
[3.861s] DEBUG:colcon.colcon_parallel_executor.executor.parallel:closing loop
[3.861s] DEBUG:colcon.colcon_parallel_executor.executor.parallel:loop closed
[3.861s] DEBUG:colcon.colcon_parallel_executor.executor.parallel:run_until_complete finished with '0'
[3.861s] DEBUG:colcon.colcon_core.event_reactor:joining thread
[3.866s] INFO:colcon.colcon_core.plugin_system:Skipping extension 'colcon_notification.desktop_notification.terminal_notifier': Not used on non-Darwin systems
[3.866s] INFO:colcon.colcon_core.plugin_system:Skipping extension 'colcon_notification.desktop_notification.win32': Not used on non-Windows systems
[3.866s] INFO:colcon.colcon_notification.desktop_notification:Sending desktop notification using 'notify2'
[3.900s] DEBUG:colcon.colcon_core.event_reactor:joined thread
[3.901s] INFO:colcon.colcon_core.shell:Creating prefix script '/home/kyle/workspaces/my_bot/install/local_setup.ps1'
[3.901s] INFO:colcon.colcon_core.shell:Creating prefix util module '/home/kyle/workspaces/my_bot/install/_local_setup_util_ps1.py'
[3.902s] INFO:colcon.colcon_core.shell:Creating prefix chain script '/home/kyle/workspaces/my_bot/install/setup.ps1'
[3.903s] INFO:colcon.colcon_core.shell:Creating prefix script '/home/kyle/workspaces/my_bot/install/local_setup.sh'
[3.904s] INFO:colcon.colcon_core.shell:Creating prefix util module '/home/kyle/workspaces/my_bot/install/_local_setup_util_sh.py'
[3.904s] INFO:colcon.colcon_core.shell:Creating prefix chain script '/home/kyle/workspaces/my_bot/install/setup.sh'
[3.905s] INFO:colcon.colcon_core.shell:Creating prefix script '/home/kyle/workspaces/my_bot/install/local_setup.bash'
[3.905s] INFO:colcon.colcon_core.shell:Creating prefix chain script '/home/kyle/workspaces/my_bot/install/setup.bash'
[3.906s] INFO:colcon.colcon_core.shell:Creating prefix script '/home/kyle/workspaces/my_bot/install/local_setup.zsh'
[3.907s] INFO:colcon.colcon_core.shell:Creating prefix chain script '/home/kyle/workspaces/my_bot/install/setup.zsh'
