[0.010s] Invoking command in '/home/kyle/workspaces/my_bot/build/my_bot': CMAKE_PREFIX_PATH=${CMAKE_PREFIX_PATH}:/opt/ros/humble /usr/bin/cmake --build /home/kyle/workspaces/my_bot/build/my_bot -- -j12 -l12
[0.046s] Invoked command in '/home/kyle/workspaces/my_bot/build/my_bot' returned '0': CMAKE_PREFIX_PATH=${CMAKE_PREFIX_PATH}:/opt/ros/humble /usr/bin/cmake --build /home/kyle/workspaces/my_bot/build/my_bot -- -j12 -l12
[0.076s] Invoking command in '/home/kyle/workspaces/my_bot/build/my_bot': CMAKE_PREFIX_PATH=${CMAKE_PREFIX_PATH}:/opt/ros/humble /usr/bin/cmake --install /home/kyle/workspaces/my_bot/build/my_bot
[0.083s] -- Install configuration: ""
[0.083s] -- Execute custom install script
[0.083s] -- Up-to-date symlink: /home/kyle/workspaces/my_bot/install/my_bot/share/my_bot/config/empty.yaml
[0.083s] -- Up-to-date symlink: /home/kyle/workspaces/my_bot/install/my_bot/share/my_bot/description/robot.urdf.xacro
[0.084s] -- Symlinking: /home/kyle/workspaces/my_bot/install/my_bot/share/my_bot/description/robot_core.xacro
[0.092s] -- Up-to-date symlink: /home/kyle/workspaces/my_bot/install/my_bot/share/my_bot/launch/rsp.launch.py
[0.092s] -- Up-to-date symlink: /home/kyle/workspaces/my_bot/install/my_bot/share/my_bot/worlds/empty.world
[0.092s] -- Up-to-date symlink: /home/kyle/workspaces/my_bot/install/my_bot/share/ament_index/resource_index/package_run_dependencies/my_bot
[0.093s] -- Up-to-date symlink: /home/kyle/workspaces/my_bot/install/my_bot/share/ament_index/resource_index/parent_prefix_path/my_bot
[0.093s] -- Up-to-date symlink: /home/kyle/workspaces/my_bot/install/my_bot/share/my_bot/environment/ament_prefix_path.sh
[0.093s] -- Up-to-date symlink: /home/kyle/workspaces/my_bot/install/my_bot/share/my_bot/environment/ament_prefix_path.dsv
[0.093s] -- Up-to-date symlink: /home/kyle/workspaces/my_bot/install/my_bot/share/my_bot/environment/path.sh
[0.093s] -- Up-to-date symlink: /home/kyle/workspaces/my_bot/install/my_bot/share/my_bot/environment/path.dsv
[0.093s] -- Up-to-date symlink: /home/kyle/workspaces/my_bot/install/my_bot/share/my_bot/local_setup.bash
[0.094s] -- Up-to-date symlink: /home/kyle/workspaces/my_bot/install/my_bot/share/my_bot/local_setup.sh
[0.094s] -- Up-to-date symlink: /home/kyle/workspaces/my_bot/install/my_bot/share/my_bot/local_setup.zsh
[0.094s] -- Up-to-date symlink: /home/kyle/workspaces/my_bot/install/my_bot/share/my_bot/local_setup.dsv
[0.094s] -- Symlinking: /home/kyle/workspaces/my_bot/install/my_bot/share/my_bot/package.dsv
[0.103s] -- Up-to-date symlink: /home/kyle/workspaces/my_bot/install/my_bot/share/ament_index/resource_index/packages/my_bot
[0.103s] -- Up-to-date symlink: /home/kyle/workspaces/my_bot/install/my_bot/share/my_bot/cmake/my_botConfig.cmake
[0.103s] -- Up-to-date symlink: /home/kyle/workspaces/my_bot/install/my_bot/share/my_bot/cmake/my_botConfig-version.cmake
[0.104s] -- Up-to-date symlink: /home/kyle/workspaces/my_bot/install/my_bot/share/my_bot/package.xml
[0.106s] Invoked command in '/home/kyle/workspaces/my_bot/build/my_bot' returned '0': CMAKE_PREFIX_PATH=${CMAKE_PREFIX_PATH}:/opt/ros/humble /usr/bin/cmake --install /home/kyle/workspaces/my_bot/build/my_bot
